2023-09-05 09:45:00,430 [Worker-6: Loading available Gradle versions] INFO  o.e.b.c.i.u.g.PublishedGradleVersions - Gradle version information cache is up-to-date. Trying to read.
2023-09-05 09:47:26,840 [Worker-11: Creating maven-archetype-quickstart] INFO  o.e.m.c.i.p.ProjectConfigurationManager - Collecting project info '/pom.xml' /Users/fcabral/Documents/Obsidian Vault/Unifacisa - Módulo 8/POO com BD/Etapa2/Aula07/JPA_MySQL/pom.xml
2023-09-05 09:47:28,298 [Worker-11: Creating maven-archetype-quickstart] INFO  o.e.m.c.i.l.LifecycleMappingFactory - Using org.eclipse.m2e.jdt.JarLifecycleMapping lifecycle mapping for MavenProject: com.br.biblioteca:JPA_MySQL:0.0.1-SNAPSHOT @ /Users/fcabral/Documents/Obsidian Vault/Unifacisa - Módulo 8/POO com BD/Etapa2/Aula07/JPA_MySQL/pom.xml.
2023-09-05 09:47:28,870 [Worker-11: Creating maven-archetype-quickstart] INFO  o.e.m.j.i.AbstractJavaProjectConfigurator - Adding source folder /JPA_MySQL/src/main/java
2023-09-05 09:47:28,876 [Worker-11: Creating maven-archetype-quickstart] INFO  o.e.m.j.i.AbstractJavaProjectConfigurator - Adding source folder /JPA_MySQL/src/test/java
2023-09-05 09:47:29,101 [Worker-11: Creating maven-archetype-quickstart] INFO  o.e.m.c.i.p.ProjectConfigurationManager - Imported and configured 1 project(s) in 2 sec
2023-09-05 09:47:31,013 [Worker-13: Building] INFO  o.e.m.c.i.embedder.EclipseLogger - Using 'UTF-8' encoding to copy filtered resources.
2023-09-05 09:47:31,013 [Worker-13: Building] INFO  o.e.m.c.i.embedder.EclipseLogger - skip non existing resourceDirectory /Users/fcabral/Documents/Obsidian Vault/Unifacisa - Módulo 8/POO com BD/Etapa2/Aula07/JPA_MySQL/src/main/resources
2023-09-05 09:47:31,015 [Worker-13: Building] INFO  o.e.m.c.i.embedder.EclipseLogger - Using 'UTF-8' encoding to copy filtered resources.
2023-09-05 09:47:31,015 [Worker-13: Building] INFO  o.e.m.c.i.embedder.EclipseLogger - skip non existing resourceDirectory /Users/fcabral/Documents/Obsidian Vault/Unifacisa - Módulo 8/POO com BD/Etapa2/Aula07/JPA_MySQL/src/test/resources
2023-09-05 09:47:31,707 [Worker-8: Download sources and javadoc] INFO  o.e.m.c.i.e.AbstractTransferListenerAdapter - Downloading https://repo.maven.apache.org/maven2/junit/junit/4.11/junit-4.11-sources.jar
2023-09-05 09:47:32,641 [Worker-8: Download sources and javadoc] INFO  o.e.m.c.i.e.AbstractTransferListenerAdapter - Downloaded https://repo.maven.apache.org/maven2/junit/junit/4.11/junit-4.11-sources.jar
2023-09-05 09:47:32,645 [Worker-8: Download sources and javadoc] INFO  o.e.m.j.internal.DownloadSourcesJob - Downloaded sources for junit:junit:4.11
2023-09-05 09:47:33,843 [Worker-8: Download sources and javadoc] INFO  o.e.m.c.i.e.AbstractTransferListenerAdapter - Downloading https://repo.maven.apache.org/maven2/org/hamcrest/hamcrest-core/1.3/hamcrest-core-1.3-sources.jar
2023-09-05 09:47:34,306 [Worker-8: Download sources and javadoc] INFO  o.e.m.c.i.e.AbstractTransferListenerAdapter - Downloaded https://repo.maven.apache.org/maven2/org/hamcrest/hamcrest-core/1.3/hamcrest-core-1.3-sources.jar
2023-09-05 09:47:34,310 [Worker-8: Download sources and javadoc] INFO  o.e.m.j.internal.DownloadSourcesJob - Downloaded sources for org.hamcrest:hamcrest-core:1.3
2023-09-05 09:47:34,537 [Worker-15: Building] INFO  o.e.m.c.i.embedder.EclipseLogger - Using 'UTF-8' encoding to copy filtered resources.
2023-09-05 09:47:34,543 [Worker-15: Building] INFO  o.e.m.c.i.embedder.EclipseLogger - skip non existing resourceDirectory /Users/fcabral/Documents/Obsidian Vault/Unifacisa - Módulo 8/POO com BD/Etapa2/Aula07/JPA_MySQL/src/main/resources
2023-09-05 09:47:34,564 [Worker-15: Building] INFO  o.e.m.c.i.embedder.EclipseLogger - Using 'UTF-8' encoding to copy filtered resources.
2023-09-05 09:47:34,564 [Worker-15: Building] INFO  o.e.m.c.i.embedder.EclipseLogger - skip non existing resourceDirectory /Users/fcabral/Documents/Obsidian Vault/Unifacisa - Módulo 8/POO com BD/Etapa2/Aula07/JPA_MySQL/src/test/resources
2023-09-05 09:58:54,573 [Worker-24: Building] INFO  o.e.m.c.i.l.LifecycleMappingFactory - Using org.eclipse.m2e.jdt.JarLifecycleMapping lifecycle mapping for MavenProject: com.br.biblioteca:JPA_MySQL:0.0.1-SNAPSHOT @ /Users/fcabral/Documents/Obsidian Vault/Unifacisa - Módulo 8/POO com BD/Etapa2/Aula07/JPA_MySQL/pom.xml.
2023-09-05 09:58:54,697 [Worker-24: Building] WARN  o.a.m.r.i.DefaultArtifactDescriptorReader - The artifact mysql:mysql-connector-java:jar:8.0.33 has been relocated to com.mysql:mysql-connector-j:jar:8.0.33: MySQL Connector/J artifacts moved to reverse-DNS compliant Maven 2+ coordinates.
2023-09-05 09:58:54,972 [Worker-24: Building] INFO  o.e.m.c.i.embedder.EclipseLogger - Using 'UTF-8' encoding to copy filtered resources.
2023-09-05 09:58:54,973 [Worker-24: Building] INFO  o.e.m.c.i.embedder.EclipseLogger - skip non existing resourceDirectory /Users/fcabral/Documents/Obsidian Vault/Unifacisa - Módulo 8/POO com BD/Etapa2/Aula07/JPA_MySQL/src/main/resources
2023-09-05 09:58:54,975 [Worker-24: Building] INFO  o.e.m.c.i.embedder.EclipseLogger - Using 'UTF-8' encoding to copy filtered resources.
2023-09-05 09:58:54,975 [Worker-24: Building] INFO  o.e.m.c.i.embedder.EclipseLogger - skip non existing resourceDirectory /Users/fcabral/Documents/Obsidian Vault/Unifacisa - Módulo 8/POO com BD/Etapa2/Aula07/JPA_MySQL/src/test/resources
2023-09-05 09:58:55,820 [Worker-24: Download sources and javadoc] WARN  o.a.m.r.i.DefaultArtifactDescriptorReader - The artifact mysql:mysql-connector-java:jar:8.0.33 has been relocated to com.mysql:mysql-connector-j:jar:8.0.33: MySQL Connector/J artifacts moved to reverse-DNS compliant Maven 2+ coordinates.
2023-09-05 09:58:56,367 [Worker-25: Building] INFO  o.e.m.c.i.embedder.EclipseLogger - Using 'UTF-8' encoding to copy filtered resources.
2023-09-05 09:58:56,368 [Worker-25: Building] INFO  o.e.m.c.i.embedder.EclipseLogger - skip non existing resourceDirectory /Users/fcabral/Documents/Obsidian Vault/Unifacisa - Módulo 8/POO com BD/Etapa2/Aula07/JPA_MySQL/src/main/resources
2023-09-05 09:58:56,369 [Worker-25: Building] INFO  o.e.m.c.i.embedder.EclipseLogger - Using 'UTF-8' encoding to copy filtered resources.
2023-09-05 09:58:56,370 [Worker-25: Building] INFO  o.e.m.c.i.embedder.EclipseLogger - skip non existing resourceDirectory /Users/fcabral/Documents/Obsidian Vault/Unifacisa - Módulo 8/POO com BD/Etapa2/Aula07/JPA_MySQL/src/test/resources
2023-09-05 09:58:57,289 [Worker-24: Download sources and javadoc] INFO  o.e.m.c.i.e.AbstractTransferListenerAdapter - Downloading https://repo.maven.apache.org/maven2/org/hibernate/hibernate-entitymanager/5.4.27.Final/hibernate-entitymanager-5.4.27.Final-sources.jar
2023-09-05 09:58:57,427 [Worker-24: Download sources and javadoc] INFO  o.e.m.c.i.e.AbstractTransferListenerAdapter - Downloaded https://repo.maven.apache.org/maven2/org/hibernate/hibernate-entitymanager/5.4.27.Final/hibernate-entitymanager-5.4.27.Final-sources.jar
2023-09-05 09:58:57,430 [Worker-24: Download sources and javadoc] INFO  o.e.m.j.internal.DownloadSourcesJob - Downloaded sources for org.hibernate:hibernate-entitymanager:5.4.27.Final
2023-09-05 09:58:57,961 [Worker-24: Download sources and javadoc] INFO  o.e.m.c.i.e.AbstractTransferListenerAdapter - Downloading https://repo.maven.apache.org/maven2/org/dom4j/dom4j/2.1.3/dom4j-2.1.3-sources.jar
2023-09-05 09:58:59,545 [Worker-24: Download sources and javadoc] INFO  o.e.m.c.i.e.AbstractTransferListenerAdapter - Downloaded https://repo.maven.apache.org/maven2/org/dom4j/dom4j/2.1.3/dom4j-2.1.3-sources.jar
2023-09-05 09:58:59,548 [Worker-24: Download sources and javadoc] INFO  o.e.m.j.internal.DownloadSourcesJob - Downloaded sources for org.dom4j:dom4j:2.1.3
2023-09-05 09:59:00,442 [Worker-24: Download sources and javadoc] INFO  o.e.m.c.i.e.AbstractTransferListenerAdapter - Downloading https://repo.maven.apache.org/maven2/org/hibernate/common/hibernate-commons-annotations/5.1.2.Final/hibernate-commons-annotations-5.1.2.Final-sources.jar
2023-09-05 09:59:00,740 [Worker-24: Download sources and javadoc] INFO  o.e.m.c.i.e.AbstractTransferListenerAdapter - Downloaded https://repo.maven.apache.org/maven2/org/hibernate/common/hibernate-commons-annotations/5.1.2.Final/hibernate-commons-annotations-5.1.2.Final-sources.jar
2023-09-05 09:59:00,743 [Worker-24: Download sources and javadoc] INFO  o.e.m.j.internal.DownloadSourcesJob - Downloaded sources for org.hibernate.common:hibernate-commons-annotations:5.1.2.Final
2023-09-05 09:59:01,715 [Worker-24: Download sources and javadoc] INFO  o.e.m.c.i.e.AbstractTransferListenerAdapter - Downloading https://repo.maven.apache.org/maven2/javax/persistence/javax.persistence-api/2.2/javax.persistence-api-2.2-sources.jar
2023-09-05 09:59:02,703 [Worker-24: Download sources and javadoc] INFO  o.e.m.c.i.e.AbstractTransferListenerAdapter - Downloaded https://repo.maven.apache.org/maven2/javax/persistence/javax.persistence-api/2.2/javax.persistence-api-2.2-sources.jar
2023-09-05 09:59:02,705 [Worker-24: Download sources and javadoc] INFO  o.e.m.j.internal.DownloadSourcesJob - Downloaded sources for javax.persistence:javax.persistence-api:2.2
2023-09-05 09:59:03,581 [Worker-24: Download sources and javadoc] INFO  o.e.m.c.i.e.AbstractTransferListenerAdapter - Downloading https://repo.maven.apache.org/maven2/net/bytebuddy/byte-buddy/1.10.17/byte-buddy-1.10.17-sources.jar
2023-09-05 09:59:08,824 [Worker-24: Download sources and javadoc] INFO  o.e.m.c.i.e.AbstractTransferListenerAdapter - Downloaded https://repo.maven.apache.org/maven2/net/bytebuddy/byte-buddy/1.10.17/byte-buddy-1.10.17-sources.jar
2023-09-05 09:59:08,827 [Worker-24: Download sources and javadoc] INFO  o.e.m.j.internal.DownloadSourcesJob - Downloaded sources for net.bytebuddy:byte-buddy:1.10.17
2023-09-05 09:59:09,482 [Worker-24: Download sources and javadoc] INFO  o.e.m.c.i.e.AbstractTransferListenerAdapter - Downloading https://repo.maven.apache.org/maven2/org/jboss/spec/javax/transaction/jboss-transaction-api_1.2_spec/1.1.1.Final/jboss-transaction-api_1.2_spec-1.1.1.Final-sources.jar
2023-09-05 09:59:10,003 [Worker-24: Download sources and javadoc] INFO  o.e.m.c.i.e.AbstractTransferListenerAdapter - Downloaded https://repo.maven.apache.org/maven2/org/jboss/spec/javax/transaction/jboss-transaction-api_1.2_spec/1.1.1.Final/jboss-transaction-api_1.2_spec-1.1.1.Final-sources.jar
2023-09-05 09:59:10,007 [Worker-24: Download sources and javadoc] INFO  o.e.m.j.internal.DownloadSourcesJob - Downloaded sources for org.jboss.spec.javax.transaction:jboss-transaction-api_1.2_spec:1.1.1.Final
2023-09-05 09:59:10,599 [Worker-24: Download sources and javadoc] INFO  o.e.m.c.i.e.AbstractTransferListenerAdapter - Downloading https://repo.maven.apache.org/maven2/org/hibernate/hibernate-core/5.4.27.Final/hibernate-core-5.4.27.Final-sources.jar
2023-09-05 09:59:21,931 [Worker-24: Download sources and javadoc] INFO  o.e.m.c.i.e.AbstractTransferListenerAdapter - Downloaded https://repo.maven.apache.org/maven2/org/hibernate/hibernate-core/5.4.27.Final/hibernate-core-5.4.27.Final-sources.jar
2023-09-05 09:59:21,936 [Worker-24: Download sources and javadoc] INFO  o.e.m.j.internal.DownloadSourcesJob - Downloaded sources for org.hibernate:hibernate-core:5.4.27.Final
2023-09-05 09:59:23,140 [Worker-24: Download sources and javadoc] INFO  o.e.m.c.i.e.AbstractTransferListenerAdapter - Downloading https://repo.maven.apache.org/maven2/org/javassist/javassist/3.27.0-GA/javassist-3.27.0-GA-sources.jar
2023-09-05 09:59:27,338 [Worker-24: Download sources and javadoc] INFO  o.e.m.c.i.e.AbstractTransferListenerAdapter - Downloaded https://repo.maven.apache.org/maven2/org/javassist/javassist/3.27.0-GA/javassist-3.27.0-GA-sources.jar
2023-09-05 09:59:27,340 [Worker-24: Download sources and javadoc] INFO  o.e.m.j.internal.DownloadSourcesJob - Downloaded sources for org.javassist:javassist:3.27.0-GA
2023-09-05 09:59:28,410 [Worker-24: Download sources and javadoc] INFO  o.e.m.c.i.e.AbstractTransferListenerAdapter - Downloading https://repo.maven.apache.org/maven2/org/jboss/jandex/2.1.3.Final/jandex-2.1.3.Final-sources.jar
2023-09-05 09:59:29,940 [Worker-24: Download sources and javadoc] INFO  o.e.m.c.i.e.AbstractTransferListenerAdapter - Downloaded https://repo.maven.apache.org/maven2/org/jboss/jandex/2.1.3.Final/jandex-2.1.3.Final-sources.jar
2023-09-05 09:59:29,944 [Worker-24: Download sources and javadoc] INFO  o.e.m.j.internal.DownloadSourcesJob - Downloaded sources for org.jboss:jandex:2.1.3.Final
2023-09-05 09:59:30,984 [Worker-24: Download sources and javadoc] INFO  o.e.m.c.i.e.AbstractTransferListenerAdapter - Downloading https://repo.maven.apache.org/maven2/javax/activation/javax.activation-api/1.2.0/javax.activation-api-1.2.0-sources.jar
2023-09-05 09:59:31,894 [Worker-24: Download sources and javadoc] INFO  o.e.m.c.i.e.AbstractTransferListenerAdapter - Downloaded https://repo.maven.apache.org/maven2/javax/activation/javax.activation-api/1.2.0/javax.activation-api-1.2.0-sources.jar
2023-09-05 09:59:31,900 [Worker-24: Download sources and javadoc] INFO  o.e.m.j.internal.DownloadSourcesJob - Downloaded sources for javax.activation:javax.activation-api:1.2.0
2023-09-05 09:59:33,063 [Worker-24: Download sources and javadoc] INFO  o.e.m.c.i.e.AbstractTransferListenerAdapter - Downloading https://repo.maven.apache.org/maven2/javax/xml/bind/jaxb-api/2.3.1/jaxb-api-2.3.1-sources.jar
2023-09-05 09:59:33,994 [Worker-24: Download sources and javadoc] INFO  o.e.m.c.i.e.AbstractTransferListenerAdapter - Downloaded https://repo.maven.apache.org/maven2/javax/xml/bind/jaxb-api/2.3.1/jaxb-api-2.3.1-sources.jar
2023-09-05 09:59:33,996 [Worker-24: Download sources and javadoc] INFO  o.e.m.j.internal.DownloadSourcesJob - Downloaded sources for javax.xml.bind:jaxb-api:2.3.1
2023-09-05 09:59:35,040 [Worker-24: Download sources and javadoc] INFO  o.e.m.c.i.e.AbstractTransferListenerAdapter - Downloading https://repo.maven.apache.org/maven2/org/glassfish/jaxb/jaxb-runtime/2.3.1/jaxb-runtime-2.3.1-sources.jar
2023-09-05 09:59:36,745 [Worker-24: Download sources and javadoc] INFO  o.e.m.c.i.e.AbstractTransferListenerAdapter - Downloaded https://repo.maven.apache.org/maven2/org/glassfish/jaxb/jaxb-runtime/2.3.1/jaxb-runtime-2.3.1-sources.jar
2023-09-05 09:59:36,748 [Worker-24: Download sources and javadoc] INFO  o.e.m.j.internal.DownloadSourcesJob - Downloaded sources for org.glassfish.jaxb:jaxb-runtime:2.3.1
2023-09-05 09:59:37,890 [Worker-24: Download sources and javadoc] INFO  o.e.m.c.i.e.AbstractTransferListenerAdapter - Downloading https://repo.maven.apache.org/maven2/org/glassfish/jaxb/txw2/2.3.1/txw2-2.3.1-sources.jar
2023-09-05 09:59:38,711 [Worker-24: Download sources and javadoc] INFO  o.e.m.c.i.e.AbstractTransferListenerAdapter - Downloaded https://repo.maven.apache.org/maven2/org/glassfish/jaxb/txw2/2.3.1/txw2-2.3.1-sources.jar
2023-09-05 09:59:38,713 [Worker-24: Download sources and javadoc] INFO  o.e.m.j.internal.DownloadSourcesJob - Downloaded sources for org.glassfish.jaxb:txw2:2.3.1
2023-09-05 09:59:39,512 [Worker-24: Download sources and javadoc] INFO  o.e.m.c.i.e.AbstractTransferListenerAdapter - Downloading https://repo.maven.apache.org/maven2/com/sun/istack/istack-commons-runtime/3.0.7/istack-commons-runtime-3.0.7-sources.jar
2023-09-05 09:59:39,963 [Worker-24: Download sources and javadoc] INFO  o.e.m.c.i.e.AbstractTransferListenerAdapter - Downloaded https://repo.maven.apache.org/maven2/com/sun/istack/istack-commons-runtime/3.0.7/istack-commons-runtime-3.0.7-sources.jar
2023-09-05 09:59:39,966 [Worker-24: Download sources and javadoc] INFO  o.e.m.j.internal.DownloadSourcesJob - Downloaded sources for com.sun.istack:istack-commons-runtime:3.0.7
2023-09-05 09:59:41,331 [Worker-24: Download sources and javadoc] INFO  o.e.m.c.i.e.AbstractTransferListenerAdapter - Downloading https://repo.maven.apache.org/maven2/org/jvnet/staxex/stax-ex/1.8/stax-ex-1.8-sources.jar
2023-09-05 09:59:41,594 [Worker-24: Download sources and javadoc] INFO  o.e.m.c.i.e.AbstractTransferListenerAdapter - Downloaded https://repo.maven.apache.org/maven2/org/jvnet/staxex/stax-ex/1.8/stax-ex-1.8-sources.jar
2023-09-05 09:59:41,597 [Worker-24: Download sources and javadoc] INFO  o.e.m.j.internal.DownloadSourcesJob - Downloaded sources for org.jvnet.staxex:stax-ex:1.8
2023-09-05 09:59:42,507 [Worker-24: Download sources and javadoc] INFO  o.e.m.c.i.e.AbstractTransferListenerAdapter - Downloading https://repo.maven.apache.org/maven2/com/sun/xml/fastinfoset/FastInfoset/1.2.15/FastInfoset-1.2.15-sources.jar
2023-09-05 09:59:43,430 [Worker-24: Download sources and javadoc] INFO  o.e.m.c.i.e.AbstractTransferListenerAdapter - Downloaded https://repo.maven.apache.org/maven2/com/sun/xml/fastinfoset/FastInfoset/1.2.15/FastInfoset-1.2.15-sources.jar
2023-09-05 09:59:43,433 [Worker-24: Download sources and javadoc] INFO  o.e.m.j.internal.DownloadSourcesJob - Downloaded sources for com.sun.xml.fastinfoset:FastInfoset:1.2.15
2023-09-05 09:59:44,141 [Worker-24: Download sources and javadoc] INFO  o.e.m.c.i.e.AbstractTransferListenerAdapter - Downloading https://repo.maven.apache.org/maven2/javax/faces/jsf-api/2.0/jsf-api-2.0-sources.jar
2023-09-05 09:59:48,852 [Worker-24: Download sources and javadoc] INFO  o.e.m.c.i.e.AbstractTransferListenerAdapter - Downloaded https://repo.maven.apache.org/maven2/javax/faces/jsf-api/2.0/jsf-api-2.0-sources.jar
2023-09-05 09:59:48,854 [Worker-24: Download sources and javadoc] INFO  o.e.m.j.internal.DownloadSourcesJob - Downloaded sources for javax.faces:jsf-api:2.0
2023-09-05 09:59:49,829 [Worker-24: Download sources and javadoc] INFO  o.e.m.c.i.e.AbstractTransferListenerAdapter - Downloading https://repo.maven.apache.org/maven2/com/mysql/mysql-connector-j/8.0.33/mysql-connector-j-8.0.33-sources.jar
2023-09-05 09:59:53,065 [Worker-24: Download sources and javadoc] INFO  o.e.m.c.i.e.AbstractTransferListenerAdapter - Downloaded https://repo.maven.apache.org/maven2/com/mysql/mysql-connector-j/8.0.33/mysql-connector-j-8.0.33-sources.jar
2023-09-05 09:59:53,070 [Worker-24: Download sources and javadoc] INFO  o.e.m.j.internal.DownloadSourcesJob - Downloaded sources for com.mysql:mysql-connector-j:8.0.33
2023-09-05 09:59:54,037 [Worker-24: Download sources and javadoc] INFO  o.e.m.c.i.e.AbstractTransferListenerAdapter - Downloading https://repo.maven.apache.org/maven2/com/google/protobuf/protobuf-java/3.21.9/protobuf-java-3.21.9-sources.jar
2023-09-05 09:59:57,062 [Worker-24: Download sources and javadoc] INFO  o.e.m.c.i.e.AbstractTransferListenerAdapter - Downloaded https://repo.maven.apache.org/maven2/com/google/protobuf/protobuf-java/3.21.9/protobuf-java-3.21.9-sources.jar
2023-09-05 09:59:57,066 [Worker-24: Download sources and javadoc] INFO  o.e.m.j.internal.DownloadSourcesJob - Downloaded sources for com.google.protobuf:protobuf-java:3.21.9
2023-09-05 09:59:57,234 [Worker-24: Building] INFO  o.e.m.c.i.embedder.EclipseLogger - Using 'UTF-8' encoding to copy filtered resources.
2023-09-05 09:59:57,234 [Worker-24: Building] INFO  o.e.m.c.i.embedder.EclipseLogger - skip non existing resourceDirectory /Users/fcabral/Documents/Obsidian Vault/Unifacisa - Módulo 8/POO com BD/Etapa2/Aula07/JPA_MySQL/src/main/resources
2023-09-05 09:59:57,236 [Worker-24: Building] INFO  o.e.m.c.i.embedder.EclipseLogger - Using 'UTF-8' encoding to copy filtered resources.
2023-09-05 09:59:57,236 [Worker-24: Building] INFO  o.e.m.c.i.embedder.EclipseLogger - skip non existing resourceDirectory /Users/fcabral/Documents/Obsidian Vault/Unifacisa - Módulo 8/POO com BD/Etapa2/Aula07/JPA_MySQL/src/test/resources
2023-09-05 10:02:17,943 [Worker-27: Building] INFO  o.e.m.c.i.embedder.EclipseLogger - Using 'UTF-8' encoding to copy filtered resources.
2023-09-05 10:02:17,943 [Worker-27: Building] INFO  o.e.m.c.i.embedder.EclipseLogger - skip non existing resourceDirectory /Users/fcabral/Documents/Obsidian Vault/Unifacisa - Módulo 8/POO com BD/Etapa2/Aula07/JPA_MySQL/src/main/resources
2023-09-05 10:02:17,954 [Worker-27: Building] INFO  o.e.m.c.i.embedder.EclipseLogger - Using 'UTF-8' encoding to copy filtered resources.
2023-09-05 10:02:17,954 [Worker-27: Building] INFO  o.e.m.c.i.embedder.EclipseLogger - skip non existing resourceDirectory /Users/fcabral/Documents/Obsidian Vault/Unifacisa - Módulo 8/POO com BD/Etapa2/Aula07/JPA_MySQL/src/test/resources
2023-09-05 10:02:32,351 [Worker-27: Building] INFO  o.e.m.c.i.embedder.EclipseLogger - Using 'UTF-8' encoding to copy filtered resources.
2023-09-05 10:02:32,352 [Worker-27: Building] INFO  o.e.m.c.i.embedder.EclipseLogger - skip non existing resourceDirectory /Users/fcabral/Documents/Obsidian Vault/Unifacisa - Módulo 8/POO com BD/Etapa2/Aula07/JPA_MySQL/src/main/resources
2023-09-05 10:02:32,354 [Worker-27: Building] INFO  o.e.m.c.i.embedder.EclipseLogger - Using 'UTF-8' encoding to copy filtered resources.
2023-09-05 10:02:32,354 [Worker-27: Building] INFO  o.e.m.c.i.embedder.EclipseLogger - skip non existing resourceDirectory /Users/fcabral/Documents/Obsidian Vault/Unifacisa - Módulo 8/POO com BD/Etapa2/Aula07/JPA_MySQL/src/test/resources
2023-09-05 10:13:52,084 [Worker-34: Building] INFO  o.e.m.c.i.embedder.EclipseLogger - Using 'UTF-8' encoding to copy filtered resources.
2023-09-05 10:13:52,086 [Worker-34: Building] INFO  o.e.m.c.i.embedder.EclipseLogger - skip non existing resourceDirectory /Users/fcabral/Documents/Obsidian Vault/Unifacisa - Módulo 8/POO com BD/Etapa2/Aula07/JPA_MySQL/src/main/resources
2023-09-05 10:13:52,100 [Worker-34: Building] INFO  o.e.m.c.i.embedder.EclipseLogger - Using 'UTF-8' encoding to copy filtered resources.
2023-09-05 10:13:52,102 [Worker-34: Building] INFO  o.e.m.c.i.embedder.EclipseLogger - skip non existing resourceDirectory /Users/fcabral/Documents/Obsidian Vault/Unifacisa - Módulo 8/POO com BD/Etapa2/Aula07/JPA_MySQL/src/test/resources
2023-09-05 10:14:41,181 [Worker-34: Building] INFO  o.e.m.c.i.embedder.EclipseLogger - Using 'UTF-8' encoding to copy filtered resources.
2023-09-05 10:14:41,181 [Worker-34: Building] INFO  o.e.m.c.i.embedder.EclipseLogger - skip non existing resourceDirectory /Users/fcabral/Documents/Obsidian Vault/Unifacisa - Módulo 8/POO com BD/Etapa2/Aula07/JPA_MySQL/src/main/resources
2023-09-05 10:14:41,185 [Worker-34: Building] INFO  o.e.m.c.i.embedder.EclipseLogger - Using 'UTF-8' encoding to copy filtered resources.
2023-09-05 10:14:41,185 [Worker-34: Building] INFO  o.e.m.c.i.embedder.EclipseLogger - skip non existing resourceDirectory /Users/fcabral/Documents/Obsidian Vault/Unifacisa - Módulo 8/POO com BD/Etapa2/Aula07/JPA_MySQL/src/test/resources
2023-09-05 10:16:11,285 [Worker-34: Building] INFO  o.e.m.c.i.embedder.EclipseLogger - Using 'UTF-8' encoding to copy filtered resources.
2023-09-05 10:16:11,286 [Worker-34: Building] INFO  o.e.m.c.i.embedder.EclipseLogger - skip non existing resourceDirectory /Users/fcabral/Documents/Obsidian Vault/Unifacisa - Módulo 8/POO com BD/Etapa2/Aula07/JPA_MySQL/src/main/resources
2023-09-05 10:16:11,292 [Worker-34: Building] INFO  o.e.m.c.i.embedder.EclipseLogger - Using 'UTF-8' encoding to copy filtered resources.
2023-09-05 10:16:11,292 [Worker-34: Building] INFO  o.e.m.c.i.embedder.EclipseLogger - skip non existing resourceDirectory /Users/fcabral/Documents/Obsidian Vault/Unifacisa - Módulo 8/POO com BD/Etapa2/Aula07/JPA_MySQL/src/test/resources
2023-09-05 10:17:46,808 [Worker-38: Building] INFO  o.e.m.c.i.embedder.EclipseLogger - Using 'UTF-8' encoding to copy filtered resources.
2023-09-05 10:17:46,808 [Worker-38: Building] INFO  o.e.m.c.i.embedder.EclipseLogger - skip non existing resourceDirectory /Users/fcabral/Documents/Obsidian Vault/Unifacisa - Módulo 8/POO com BD/Etapa2/Aula07/JPA_MySQL/src/main/resources
2023-09-05 10:17:46,809 [Worker-38: Building] INFO  o.e.m.c.i.embedder.EclipseLogger - Using 'UTF-8' encoding to copy filtered resources.
2023-09-05 10:17:46,810 [Worker-38: Building] INFO  o.e.m.c.i.embedder.EclipseLogger - skip non existing resourceDirectory /Users/fcabral/Documents/Obsidian Vault/Unifacisa - Módulo 8/POO com BD/Etapa2/Aula07/JPA_MySQL/src/test/resources
2023-09-05 10:17:47,828 [Worker-34: Building] INFO  o.e.m.c.i.embedder.EclipseLogger - Using 'UTF-8' encoding to copy filtered resources.
2023-09-05 10:17:47,828 [Worker-34: Building] INFO  o.e.m.c.i.embedder.EclipseLogger - skip non existing resourceDirectory /Users/fcabral/Documents/Obsidian Vault/Unifacisa - Módulo 8/POO com BD/Etapa2/Aula07/JPA_MySQL/src/main/resources
2023-09-05 10:17:47,830 [Worker-34: Building] INFO  o.e.m.c.i.embedder.EclipseLogger - Using 'UTF-8' encoding to copy filtered resources.
2023-09-05 10:17:47,830 [Worker-34: Building] INFO  o.e.m.c.i.embedder.EclipseLogger - skip non existing resourceDirectory /Users/fcabral/Documents/Obsidian Vault/Unifacisa - Módulo 8/POO com BD/Etapa2/Aula07/JPA_MySQL/src/test/resources
2023-09-05 10:19:01,413 [Worker-40: Building] INFO  o.e.m.c.i.embedder.EclipseLogger - Using 'UTF-8' encoding to copy filtered resources.
2023-09-05 10:19:01,414 [Worker-40: Building] INFO  o.e.m.c.i.embedder.EclipseLogger - skip non existing resourceDirectory /Users/fcabral/Documents/Obsidian Vault/Unifacisa - Módulo 8/POO com BD/Etapa2/Aula07/JPA_MySQL/src/main/resources
2023-09-05 10:19:01,415 [Worker-40: Building] INFO  o.e.m.c.i.embedder.EclipseLogger - Using 'UTF-8' encoding to copy filtered resources.
2023-09-05 10:19:01,415 [Worker-40: Building] INFO  o.e.m.c.i.embedder.EclipseLogger - skip non existing resourceDirectory /Users/fcabral/Documents/Obsidian Vault/Unifacisa - Módulo 8/POO com BD/Etapa2/Aula07/JPA_MySQL/src/test/resources
2023-09-05 10:19:36,254 [Worker-37: Building] INFO  o.e.m.c.i.embedder.EclipseLogger - Using 'UTF-8' encoding to copy filtered resources.
2023-09-05 10:19:36,254 [Worker-37: Building] INFO  o.e.m.c.i.embedder.EclipseLogger - skip non existing resourceDirectory /Users/fcabral/Documents/Obsidian Vault/Unifacisa - Módulo 8/POO com BD/Etapa2/Aula07/JPA_MySQL/src/main/resources
2023-09-05 10:19:36,257 [Worker-37: Building] INFO  o.e.m.c.i.embedder.EclipseLogger - Using 'UTF-8' encoding to copy filtered resources.
2023-09-05 10:19:36,257 [Worker-37: Building] INFO  o.e.m.c.i.embedder.EclipseLogger - skip non existing resourceDirectory /Users/fcabral/Documents/Obsidian Vault/Unifacisa - Módulo 8/POO com BD/Etapa2/Aula07/JPA_MySQL/src/test/resources
2023-09-05 10:21:29,629 [Worker-37: Building] INFO  o.e.m.c.i.embedder.EclipseLogger - Using 'UTF-8' encoding to copy filtered resources.
2023-09-05 10:21:29,641 [Worker-37: Building] INFO  o.e.m.c.i.embedder.EclipseLogger - skip non existing resourceDirectory /Users/fcabral/Documents/Obsidian Vault/Unifacisa - Módulo 8/POO com BD/Etapa2/Aula07/JPA_MySQL/src/main/resources
2023-09-05 10:21:29,649 [Worker-37: Building] INFO  o.e.m.c.i.embedder.EclipseLogger - Using 'UTF-8' encoding to copy filtered resources.
2023-09-05 10:21:29,649 [Worker-37: Building] INFO  o.e.m.c.i.embedder.EclipseLogger - skip non existing resourceDirectory /Users/fcabral/Documents/Obsidian Vault/Unifacisa - Módulo 8/POO com BD/Etapa2/Aula07/JPA_MySQL/src/test/resources
2023-09-05 10:23:19,961 [Worker-37: Building] INFO  o.e.m.c.i.embedder.EclipseLogger - Using 'UTF-8' encoding to copy filtered resources.
2023-09-05 10:23:19,961 [Worker-37: Building] INFO  o.e.m.c.i.embedder.EclipseLogger - skip non existing resourceDirectory /Users/fcabral/Documents/Obsidian Vault/Unifacisa - Módulo 8/POO com BD/Etapa2/Aula07/JPA_MySQL/src/main/resources
2023-09-05 10:23:19,965 [Worker-37: Building] INFO  o.e.m.c.i.embedder.EclipseLogger - Using 'UTF-8' encoding to copy filtered resources.
2023-09-05 10:23:19,965 [Worker-37: Building] INFO  o.e.m.c.i.embedder.EclipseLogger - skip non existing resourceDirectory /Users/fcabral/Documents/Obsidian Vault/Unifacisa - Módulo 8/POO com BD/Etapa2/Aula07/JPA_MySQL/src/test/resources
2023-09-05 10:23:57,939 [Worker-37: Building] INFO  o.e.m.c.i.embedder.EclipseLogger - Using 'UTF-8' encoding to copy filtered resources.
2023-09-05 10:23:57,940 [Worker-37: Building] INFO  o.e.m.c.i.embedder.EclipseLogger - skip non existing resourceDirectory /Users/fcabral/Documents/Obsidian Vault/Unifacisa - Módulo 8/POO com BD/Etapa2/Aula07/JPA_MySQL/src/main/resources
2023-09-05 10:23:57,942 [Worker-37: Building] INFO  o.e.m.c.i.embedder.EclipseLogger - Using 'UTF-8' encoding to copy filtered resources.
2023-09-05 10:23:57,942 [Worker-37: Building] INFO  o.e.m.c.i.embedder.EclipseLogger - skip non existing resourceDirectory /Users/fcabral/Documents/Obsidian Vault/Unifacisa - Módulo 8/POO com BD/Etapa2/Aula07/JPA_MySQL/src/test/resources
2023-09-05 10:24:35,329 [Worker-37: Building] INFO  o.e.m.c.i.embedder.EclipseLogger - Using 'UTF-8' encoding to copy filtered resources.
2023-09-05 10:24:35,335 [Worker-37: Building] INFO  o.e.m.c.i.embedder.EclipseLogger - skip non existing resourceDirectory /Users/fcabral/Documents/Obsidian Vault/Unifacisa - Módulo 8/POO com BD/Etapa2/Aula07/JPA_MySQL/src/main/resources
2023-09-05 10:24:35,343 [Worker-37: Building] INFO  o.e.m.c.i.embedder.EclipseLogger - Using 'UTF-8' encoding to copy filtered resources.
2023-09-05 10:24:35,343 [Worker-37: Building] INFO  o.e.m.c.i.embedder.EclipseLogger - skip non existing resourceDirectory /Users/fcabral/Documents/Obsidian Vault/Unifacisa - Módulo 8/POO com BD/Etapa2/Aula07/JPA_MySQL/src/test/resources
2023-09-05 10:25:42,904 [Worker-38: Building] INFO  o.e.m.c.i.embedder.EclipseLogger - Using 'UTF-8' encoding to copy filtered resources.
2023-09-05 10:25:42,905 [Worker-38: Building] INFO  o.e.m.c.i.embedder.EclipseLogger - skip non existing resourceDirectory /Users/fcabral/Documents/Obsidian Vault/Unifacisa - Módulo 8/POO com BD/Etapa2/Aula07/JPA_MySQL/src/main/resources
2023-09-05 10:25:42,908 [Worker-38: Building] INFO  o.e.m.c.i.embedder.EclipseLogger - Using 'UTF-8' encoding to copy filtered resources.
2023-09-05 10:25:42,908 [Worker-38: Building] INFO  o.e.m.c.i.embedder.EclipseLogger - skip non existing resourceDirectory /Users/fcabral/Documents/Obsidian Vault/Unifacisa - Módulo 8/POO com BD/Etapa2/Aula07/JPA_MySQL/src/test/resources
2023-09-05 10:26:11,308 [Worker-41: Building] INFO  o.e.m.c.i.embedder.EclipseLogger - Using 'UTF-8' encoding to copy filtered resources.
2023-09-05 10:26:11,323 [Worker-41: Building] INFO  o.e.m.c.i.embedder.EclipseLogger - skip non existing resourceDirectory /Users/fcabral/Documents/Obsidian Vault/Unifacisa - Módulo 8/POO com BD/Etapa2/Aula07/JPA_MySQL/src/main/resources
2023-09-05 10:26:11,331 [Worker-41: Building] INFO  o.e.m.c.i.embedder.EclipseLogger - Using 'UTF-8' encoding to copy filtered resources.
2023-09-05 10:26:11,332 [Worker-41: Building] INFO  o.e.m.c.i.embedder.EclipseLogger - skip non existing resourceDirectory /Users/fcabral/Documents/Obsidian Vault/Unifacisa - Módulo 8/POO com BD/Etapa2/Aula07/JPA_MySQL/src/test/resources
2023-09-05 10:28:18,145 [Worker-43: Building] INFO  o.e.m.c.i.embedder.EclipseLogger - Using 'UTF-8' encoding to copy filtered resources.
2023-09-05 10:28:18,147 [Worker-43: Building] INFO  o.e.m.c.i.embedder.EclipseLogger - skip non existing resourceDirectory /Users/fcabral/Documents/Obsidian Vault/Unifacisa - Módulo 8/POO com BD/Etapa2/Aula07/JPA_MySQL/src/main/resources
2023-09-05 10:28:18,149 [Worker-43: Building] INFO  o.e.m.c.i.embedder.EclipseLogger - Using 'UTF-8' encoding to copy filtered resources.
2023-09-05 10:28:18,150 [Worker-43: Building] INFO  o.e.m.c.i.embedder.EclipseLogger - skip non existing resourceDirectory /Users/fcabral/Documents/Obsidian Vault/Unifacisa - Módulo 8/POO com BD/Etapa2/Aula07/JPA_MySQL/src/test/resources
2023-09-05 10:28:30,878 [Worker-38: Building] INFO  o.e.m.c.i.embedder.EclipseLogger - Using 'UTF-8' encoding to copy filtered resources.
2023-09-05 10:28:30,879 [Worker-38: Building] INFO  o.e.m.c.i.embedder.EclipseLogger - skip non existing resourceDirectory /Users/fcabral/Documents/Obsidian Vault/Unifacisa - Módulo 8/POO com BD/Etapa2/Aula07/JPA_MySQL/src/main/resources
2023-09-05 10:28:30,880 [Worker-38: Building] INFO  o.e.m.c.i.embedder.EclipseLogger - Using 'UTF-8' encoding to copy filtered resources.
2023-09-05 10:28:30,881 [Worker-38: Building] INFO  o.e.m.c.i.embedder.EclipseLogger - skip non existing resourceDirectory /Users/fcabral/Documents/Obsidian Vault/Unifacisa - Módulo 8/POO com BD/Etapa2/Aula07/JPA_MySQL/src/test/resources
2023-09-05 10:35:02,912 [Worker-44: Building] INFO  o.e.m.c.i.embedder.EclipseLogger - Using 'UTF-8' encoding to copy filtered resources.
2023-09-05 10:35:02,931 [Worker-44: Building] INFO  o.e.m.c.i.embedder.EclipseLogger - skip non existing resourceDirectory /Users/fcabral/Documents/Obsidian Vault/Unifacisa - Módulo 8/POO com BD/Etapa2/Aula07/JPA_MySQL/src/main/resources
2023-09-05 10:35:02,934 [Worker-44: Building] INFO  o.e.m.c.i.embedder.EclipseLogger - Using 'UTF-8' encoding to copy filtered resources.
2023-09-05 10:35:02,934 [Worker-44: Building] INFO  o.e.m.c.i.embedder.EclipseLogger - skip non existing resourceDirectory /Users/fcabral/Documents/Obsidian Vault/Unifacisa - Módulo 8/POO com BD/Etapa2/Aula07/JPA_MySQL/src/test/resources
2023-09-05 10:35:20,396 [Worker-44: Building] INFO  o.e.m.c.i.embedder.EclipseLogger - Using 'UTF-8' encoding to copy filtered resources.
2023-09-05 10:35:20,396 [Worker-44: Building] INFO  o.e.m.c.i.embedder.EclipseLogger - skip non existing resourceDirectory /Users/fcabral/Documents/Obsidian Vault/Unifacisa - Módulo 8/POO com BD/Etapa2/Aula07/JPA_MySQL/src/main/resources
2023-09-05 10:35:20,398 [Worker-44: Building] INFO  o.e.m.c.i.embedder.EclipseLogger - Using 'UTF-8' encoding to copy filtered resources.
2023-09-05 10:35:20,399 [Worker-44: Building] INFO  o.e.m.c.i.embedder.EclipseLogger - skip non existing resourceDirectory /Users/fcabral/Documents/Obsidian Vault/Unifacisa - Módulo 8/POO com BD/Etapa2/Aula07/JPA_MySQL/src/test/resources
2023-09-05 10:37:04,026 [Worker-48: Building] INFO  o.e.m.c.i.embedder.EclipseLogger - Using 'UTF-8' encoding to copy filtered resources.
2023-09-05 10:37:04,026 [Worker-48: Building] INFO  o.e.m.c.i.embedder.EclipseLogger - skip non existing resourceDirectory /Users/fcabral/Documents/Obsidian Vault/Unifacisa - Módulo 8/POO com BD/Etapa2/Aula07/JPA_MySQL/src/main/resources
2023-09-05 10:37:04,028 [Worker-48: Building] INFO  o.e.m.c.i.embedder.EclipseLogger - Using 'UTF-8' encoding to copy filtered resources.
2023-09-05 10:37:04,028 [Worker-48: Building] INFO  o.e.m.c.i.embedder.EclipseLogger - skip non existing resourceDirectory /Users/fcabral/Documents/Obsidian Vault/Unifacisa - Módulo 8/POO com BD/Etapa2/Aula07/JPA_MySQL/src/test/resources
2023-09-05 10:40:37,967 [Worker-48: Building] INFO  o.e.m.c.i.embedder.EclipseLogger - Using 'UTF-8' encoding to copy filtered resources.
2023-09-05 10:40:37,970 [Worker-48: Building] INFO  o.e.m.c.i.embedder.EclipseLogger - skip non existing resourceDirectory /Users/fcabral/Documents/Obsidian Vault/Unifacisa - Módulo 8/POO com BD/Etapa2/Aula07/JPA_MySQL/src/main/resources
2023-09-05 10:40:37,974 [Worker-48: Building] INFO  o.e.m.c.i.embedder.EclipseLogger - Using 'UTF-8' encoding to copy filtered resources.
2023-09-05 10:40:37,974 [Worker-48: Building] INFO  o.e.m.c.i.embedder.EclipseLogger - skip non existing resourceDirectory /Users/fcabral/Documents/Obsidian Vault/Unifacisa - Módulo 8/POO com BD/Etapa2/Aula07/JPA_MySQL/src/test/resources
2023-09-05 10:41:30,389 [Worker-50: Building] INFO  o.e.m.c.i.embedder.EclipseLogger - Using 'UTF-8' encoding to copy filtered resources.
2023-09-05 10:41:30,390 [Worker-50: Building] INFO  o.e.m.c.i.embedder.EclipseLogger - skip non existing resourceDirectory /Users/fcabral/Documents/Obsidian Vault/Unifacisa - Módulo 8/POO com BD/Etapa2/Aula07/JPA_MySQL/src/main/resources
2023-09-05 10:41:30,392 [Worker-50: Building] INFO  o.e.m.c.i.embedder.EclipseLogger - Using 'UTF-8' encoding to copy filtered resources.
2023-09-05 10:41:30,392 [Worker-50: Building] INFO  o.e.m.c.i.embedder.EclipseLogger - skip non existing resourceDirectory /Users/fcabral/Documents/Obsidian Vault/Unifacisa - Módulo 8/POO com BD/Etapa2/Aula07/JPA_MySQL/src/test/resources
2023-09-05 10:46:51,379 [Worker-50: Building] INFO  o.e.m.c.i.embedder.EclipseLogger - Using 'UTF-8' encoding to copy filtered resources.
2023-09-05 10:46:51,380 [Worker-50: Building] INFO  o.e.m.c.i.embedder.EclipseLogger - skip non existing resourceDirectory /Users/fcabral/Documents/Obsidian Vault/Unifacisa - Módulo 8/POO com BD/Etapa2/Aula07/JPA_MySQL/src/main/resources
2023-09-05 10:46:51,385 [Worker-50: Building] INFO  o.e.m.c.i.embedder.EclipseLogger - Using 'UTF-8' encoding to copy filtered resources.
2023-09-05 10:46:51,386 [Worker-50: Building] INFO  o.e.m.c.i.embedder.EclipseLogger - skip non existing resourceDirectory /Users/fcabral/Documents/Obsidian Vault/Unifacisa - Módulo 8/POO com BD/Etapa2/Aula07/JPA_MySQL/src/test/resources
2023-09-05 10:48:11,085 [Worker-50: Building] INFO  o.e.m.c.i.embedder.EclipseLogger - Using 'UTF-8' encoding to copy filtered resources.
2023-09-05 10:48:11,085 [Worker-50: Building] INFO  o.e.m.c.i.embedder.EclipseLogger - skip non existing resourceDirectory /Users/fcabral/Documents/Obsidian Vault/Unifacisa - Módulo 8/POO com BD/Etapa2/Aula07/JPA_MySQL/src/main/resources
2023-09-05 10:48:11,087 [Worker-50: Building] INFO  o.e.m.c.i.embedder.EclipseLogger - Using 'UTF-8' encoding to copy filtered resources.
2023-09-05 10:48:11,088 [Worker-50: Building] INFO  o.e.m.c.i.embedder.EclipseLogger - skip non existing resourceDirectory /Users/fcabral/Documents/Obsidian Vault/Unifacisa - Módulo 8/POO com BD/Etapa2/Aula07/JPA_MySQL/src/test/resources
2023-09-05 10:48:28,068 [Worker-53: Building] INFO  o.e.m.c.i.embedder.EclipseLogger - Using 'UTF-8' encoding to copy filtered resources.
2023-09-05 10:48:28,069 [Worker-53: Building] INFO  o.e.m.c.i.embedder.EclipseLogger - skip non existing resourceDirectory /Users/fcabral/Documents/Obsidian Vault/Unifacisa - Módulo 8/POO com BD/Etapa2/Aula07/JPA_MySQL/src/main/resources
2023-09-05 10:48:28,070 [Worker-53: Building] INFO  o.e.m.c.i.embedder.EclipseLogger - Using 'UTF-8' encoding to copy filtered resources.
2023-09-05 10:48:28,071 [Worker-53: Building] INFO  o.e.m.c.i.embedder.EclipseLogger - skip non existing resourceDirectory /Users/fcabral/Documents/Obsidian Vault/Unifacisa - Módulo 8/POO com BD/Etapa2/Aula07/JPA_MySQL/src/test/resources
2023-09-05 10:49:16,773 [Worker-53: Building] INFO  o.e.m.c.i.embedder.EclipseLogger - Using 'UTF-8' encoding to copy filtered resources.
2023-09-05 10:49:16,775 [Worker-53: Building] INFO  o.e.m.c.i.embedder.EclipseLogger - skip non existing resourceDirectory /Users/fcabral/Documents/Obsidian Vault/Unifacisa - Módulo 8/POO com BD/Etapa2/Aula07/JPA_MySQL/src/main/resources
2023-09-05 10:49:16,777 [Worker-53: Building] INFO  o.e.m.c.i.embedder.EclipseLogger - Using 'UTF-8' encoding to copy filtered resources.
2023-09-05 10:49:16,777 [Worker-53: Building] INFO  o.e.m.c.i.embedder.EclipseLogger - skip non existing resourceDirectory /Users/fcabral/Documents/Obsidian Vault/Unifacisa - Módulo 8/POO com BD/Etapa2/Aula07/JPA_MySQL/src/test/resources
2023-09-05 10:50:00,325 [Worker-53: Building] INFO  o.e.m.c.i.embedder.EclipseLogger - Using 'UTF-8' encoding to copy filtered resources.
2023-09-05 10:50:00,327 [Worker-53: Building] INFO  o.e.m.c.i.embedder.EclipseLogger - skip non existing resourceDirectory /Users/fcabral/Documents/Obsidian Vault/Unifacisa - Módulo 8/POO com BD/Etapa2/Aula07/JPA_MySQL/src/main/resources
2023-09-05 10:50:00,331 [Worker-53: Building] INFO  o.e.m.c.i.embedder.EclipseLogger - Using 'UTF-8' encoding to copy filtered resources.
2023-09-05 10:50:00,331 [Worker-53: Building] INFO  o.e.m.c.i.embedder.EclipseLogger - skip non existing resourceDirectory /Users/fcabral/Documents/Obsidian Vault/Unifacisa - Módulo 8/POO com BD/Etapa2/Aula07/JPA_MySQL/src/test/resources
2023-09-05 10:50:34,684 [Worker-50: Building] INFO  o.e.m.c.i.embedder.EclipseLogger - Using 'UTF-8' encoding to copy filtered resources.
2023-09-05 10:50:34,687 [Worker-50: Building] INFO  o.e.m.c.i.embedder.EclipseLogger - skip non existing resourceDirectory /Users/fcabral/Documents/Obsidian Vault/Unifacisa - Módulo 8/POO com BD/Etapa2/Aula07/JPA_MySQL/src/main/resources
2023-09-05 10:50:34,689 [Worker-50: Building] INFO  o.e.m.c.i.embedder.EclipseLogger - Using 'UTF-8' encoding to copy filtered resources.
2023-09-05 10:50:34,689 [Worker-50: Building] INFO  o.e.m.c.i.embedder.EclipseLogger - skip non existing resourceDirectory /Users/fcabral/Documents/Obsidian Vault/Unifacisa - Módulo 8/POO com BD/Etapa2/Aula07/JPA_MySQL/src/test/resources
2023-09-05 10:51:02,373 [Worker-56: Building] INFO  o.e.m.c.i.embedder.EclipseLogger - Using 'UTF-8' encoding to copy filtered resources.
2023-09-05 10:51:02,374 [Worker-56: Building] INFO  o.e.m.c.i.embedder.EclipseLogger - skip non existing resourceDirectory /Users/fcabral/Documents/Obsidian Vault/Unifacisa - Módulo 8/POO com BD/Etapa2/Aula07/JPA_MySQL/src/main/resources
2023-09-05 10:51:02,375 [Worker-56: Building] INFO  o.e.m.c.i.embedder.EclipseLogger - Using 'UTF-8' encoding to copy filtered resources.
2023-09-05 10:51:02,375 [Worker-56: Building] INFO  o.e.m.c.i.embedder.EclipseLogger - skip non existing resourceDirectory /Users/fcabral/Documents/Obsidian Vault/Unifacisa - Módulo 8/POO com BD/Etapa2/Aula07/JPA_MySQL/src/test/resources
2023-09-05 10:51:38,229 [Worker-53: Building] INFO  o.e.m.c.i.embedder.EclipseLogger - Using 'UTF-8' encoding to copy filtered resources.
2023-09-05 10:51:38,230 [Worker-53: Building] INFO  o.e.m.c.i.embedder.EclipseLogger - skip non existing resourceDirectory /Users/fcabral/Documents/Obsidian Vault/Unifacisa - Módulo 8/POO com BD/Etapa2/Aula07/JPA_MySQL/src/main/resources
2023-09-05 10:51:38,232 [Worker-53: Building] INFO  o.e.m.c.i.embedder.EclipseLogger - Using 'UTF-8' encoding to copy filtered resources.
2023-09-05 10:51:38,232 [Worker-53: Building] INFO  o.e.m.c.i.embedder.EclipseLogger - skip non existing resourceDirectory /Users/fcabral/Documents/Obsidian Vault/Unifacisa - Módulo 8/POO com BD/Etapa2/Aula07/JPA_MySQL/src/test/resources
2023-09-05 10:54:57,267 [Worker-50: Building] INFO  o.e.m.c.i.embedder.EclipseLogger - Using 'UTF-8' encoding to copy filtered resources.
2023-09-05 10:54:57,269 [Worker-50: Building] INFO  o.e.m.c.i.embedder.EclipseLogger - skip non existing resourceDirectory /Users/fcabral/Documents/Obsidian Vault/Unifacisa - Módulo 8/POO com BD/Etapa2/Aula07/JPA_MySQL/src/main/resources
2023-09-05 10:54:57,270 [Worker-50: Building] INFO  o.e.m.c.i.embedder.EclipseLogger - Using 'UTF-8' encoding to copy filtered resources.
2023-09-05 10:54:57,270 [Worker-50: Building] INFO  o.e.m.c.i.embedder.EclipseLogger - skip non existing resourceDirectory /Users/fcabral/Documents/Obsidian Vault/Unifacisa - Módulo 8/POO com BD/Etapa2/Aula07/JPA_MySQL/src/test/resources
2023-09-05 10:55:19,130 [Worker-57: Building] INFO  o.e.m.c.i.embedder.EclipseLogger - Using 'UTF-8' encoding to copy filtered resources.
2023-09-05 10:55:19,130 [Worker-57: Building] INFO  o.e.m.c.i.embedder.EclipseLogger - skip non existing resourceDirectory /Users/fcabral/Documents/Obsidian Vault/Unifacisa - Módulo 8/POO com BD/Etapa2/Aula07/JPA_MySQL/src/main/resources
2023-09-05 10:55:19,133 [Worker-57: Building] INFO  o.e.m.c.i.embedder.EclipseLogger - Using 'UTF-8' encoding to copy filtered resources.
2023-09-05 10:55:19,133 [Worker-57: Building] INFO  o.e.m.c.i.embedder.EclipseLogger - skip non existing resourceDirectory /Users/fcabral/Documents/Obsidian Vault/Unifacisa - Módulo 8/POO com BD/Etapa2/Aula07/JPA_MySQL/src/test/resources
2023-09-05 10:55:55,018 [Worker-57: Building] INFO  o.e.m.c.i.embedder.EclipseLogger - Using 'UTF-8' encoding to copy filtered resources.
2023-09-05 10:55:55,019 [Worker-57: Building] INFO  o.e.m.c.i.embedder.EclipseLogger - skip non existing resourceDirectory /Users/fcabral/Documents/Obsidian Vault/Unifacisa - Módulo 8/POO com BD/Etapa2/Aula07/JPA_MySQL/src/main/resources
2023-09-05 10:55:55,021 [Worker-57: Building] INFO  o.e.m.c.i.embedder.EclipseLogger - Using 'UTF-8' encoding to copy filtered resources.
2023-09-05 10:55:55,021 [Worker-57: Building] INFO  o.e.m.c.i.embedder.EclipseLogger - skip non existing resourceDirectory /Users/fcabral/Documents/Obsidian Vault/Unifacisa - Módulo 8/POO com BD/Etapa2/Aula07/JPA_MySQL/src/test/resources
2023-09-05 10:58:54,523 [Worker-55: Building] INFO  o.e.m.c.i.embedder.EclipseLogger - Using 'UTF-8' encoding to copy filtered resources.
2023-09-05 10:58:54,524 [Worker-55: Building] INFO  o.e.m.c.i.embedder.EclipseLogger - skip non existing resourceDirectory /Users/fcabral/Documents/Obsidian Vault/Unifacisa - Módulo 8/POO com BD/Etapa2/Aula07/JPA_MySQL/src/main/resources
2023-09-05 10:58:54,538 [Worker-55: Building] INFO  o.e.m.c.i.embedder.EclipseLogger - Using 'UTF-8' encoding to copy filtered resources.
2023-09-05 10:58:54,538 [Worker-55: Building] INFO  o.e.m.c.i.embedder.EclipseLogger - skip non existing resourceDirectory /Users/fcabral/Documents/Obsidian Vault/Unifacisa - Módulo 8/POO com BD/Etapa2/Aula07/JPA_MySQL/src/test/resources
2023-09-05 10:59:10,209 [Worker-59: Building] INFO  o.e.m.c.i.embedder.EclipseLogger - Using 'UTF-8' encoding to copy filtered resources.
2023-09-05 10:59:10,209 [Worker-59: Building] INFO  o.e.m.c.i.embedder.EclipseLogger - skip non existing resourceDirectory /Users/fcabral/Documents/Obsidian Vault/Unifacisa - Módulo 8/POO com BD/Etapa2/Aula07/JPA_MySQL/src/main/resources
2023-09-05 10:59:10,210 [Worker-59: Building] INFO  o.e.m.c.i.embedder.EclipseLogger - Using 'UTF-8' encoding to copy filtered resources.
2023-09-05 10:59:10,210 [Worker-59: Building] INFO  o.e.m.c.i.embedder.EclipseLogger - skip non existing resourceDirectory /Users/fcabral/Documents/Obsidian Vault/Unifacisa - Módulo 8/POO com BD/Etapa2/Aula07/JPA_MySQL/src/test/resources
2023-09-05 11:16:03,873 [Worker-64: Building] INFO  o.e.m.c.i.embedder.EclipseLogger - Using 'UTF-8' encoding to copy filtered resources.
2023-09-05 11:16:03,878 [Worker-64: Building] INFO  o.e.m.c.i.embedder.EclipseLogger - skip non existing resourceDirectory /Users/fcabral/Documents/Obsidian Vault/Unifacisa - Módulo 8/POO com BD/Etapa2/Aula07/JPA_MySQL/src/main/resources
2023-09-05 11:16:03,884 [Worker-64: Building] INFO  o.e.m.c.i.embedder.EclipseLogger - Using 'UTF-8' encoding to copy filtered resources.
2023-09-05 11:16:03,885 [Worker-64: Building] INFO  o.e.m.c.i.embedder.EclipseLogger - skip non existing resourceDirectory /Users/fcabral/Documents/Obsidian Vault/Unifacisa - Módulo 8/POO com BD/Etapa2/Aula07/JPA_MySQL/src/test/resources
